<?xml version="1.0" encoding="UTF-8"?>
<beans xmlns="http://www.springframework.org/schema/beans"
	xmlns:xsi="http://www.w3.org/2001/XMLSchema-instance" xmlns:context="http://www.springframework.org/schema/context"
	xsi:schemaLocation="http://www.springframework.org/schema/beans http://www.springframework.org/schema/beans/spring-beans-3.0.xsd
http://www.springframework.org/schema/context http://www.springframework.org/schema/context/spring-context-3.0.xsd">


	<!-- Package to scan for JBehave Tests -->
	<context:component-scan base-package="com.morgan.design" />

	<!-- How to report -->
	<!-- Custom report configuration could be produce -->
	<bean
		class="org.jbehave.core.configuration.spring.SpringStoryReporterBuilder"
		init-method="withDefaultFormats">
		<property name="formats">
			<list>
				<!-- Format could be CONSOLE, IDE_CONSOLE, TXT, HTML, XML -->
				<value>IDE_CONSOLE</value>
			</list>
		</property>
	</bean>

</beans>